Analysis & Synthesis report for reg_read
Sat May 06 20:58:20 2023
Quartus Prime Version 20.1.1 Build 720 11/11/2020 SJ Lite Edition


---------------------
; Table of Contents ;
---------------------
  1. Legal Notice
  2. Analysis & Synthesis Summary
  3. Analysis & Synthesis Settings
  4. Parallel Compilation
  5. Analysis & Synthesis Source Files Read
  6. Analysis & Synthesis Resource Usage Summary
  7. Analysis & Synthesis Resource Utilization by Entity
  8. User-Specified and Inferred Latches
  9. General Register Statistics
 10. Multiplexer Restructuring Statistics (Restructuring Performed)
 11. Port Connectivity Checks: "CMP:complement"
 12. Port Connectivity Checks: "register_file:reg_file"
 13. Post-Synthesis Netlist Statistics for Top Partition
 14. Elapsed Time Per Partition
 15. Analysis & Synthesis Messages



----------------
; Legal Notice ;
----------------
Copyright (C) 2020  Intel Corporation. All rights reserved.
Your use of Intel Corporation's design tools, logic functions 
and other software and tools, and any partner logic 
functions, and any output files from any of the foregoing 
(including device programming or simulation files), and any 
associated documentation or information are expressly subject 
to the terms and conditions of the Intel Program License 
Subscription Agreement, the Intel Quartus Prime License Agreement,
the Intel FPGA IP License Agreement, or other applicable license
agreement, including, without limitation, that your use is for
the sole purpose of programming logic devices manufactured by
Intel and sold by Intel or its authorized distributors.  Please
refer to the applicable agreement for further details, at
https://fpgasoftware.intel.com/eula.



+----------------------------------------------------------------------------------+
; Analysis & Synthesis Summary                                                     ;
+------------------------------------+---------------------------------------------+
; Analysis & Synthesis Status        ; Successful - Sat May 06 20:58:20 2023       ;
; Quartus Prime Version              ; 20.1.1 Build 720 11/11/2020 SJ Lite Edition ;
; Revision Name                      ; reg_read                                    ;
; Top-level Entity Name              ; reg_read                                    ;
; Family                             ; MAX 10                                      ;
; Total logic elements               ; 271                                         ;
;     Total combinational functions  ; 143                                         ;
;     Dedicated logic registers      ; 128                                         ;
; Total registers                    ; 128                                         ;
; Total pins                         ; 244                                         ;
; Total virtual pins                 ; 0                                           ;
; Total memory bits                  ; 0                                           ;
; Embedded Multiplier 9-bit elements ; 0                                           ;
; Total PLLs                         ; 0                                           ;
; UFM blocks                         ; 0                                           ;
; ADC blocks                         ; 0                                           ;
+------------------------------------+---------------------------------------------+


+------------------------------------------------------------------------------------------------------------+
; Analysis & Synthesis Settings                                                                              ;
+------------------------------------------------------------------+--------------------+--------------------+
; Option                                                           ; Setting            ; Default Value      ;
+------------------------------------------------------------------+--------------------+--------------------+
; Device                                                           ; 10M25SAE144C8G     ;                    ;
; Top-level entity name                                            ; reg_read           ; reg_read           ;
; Family name                                                      ; MAX 10             ; Cyclone V          ;
; Use smart compilation                                            ; Off                ; Off                ;
; Enable parallel Assembler and Timing Analyzer during compilation ; On                 ; On                 ;
; Enable compact report table                                      ; Off                ; Off                ;
; Restructure Multiplexers                                         ; Auto               ; Auto               ;
; Create Debugging Nodes for IP Cores                              ; Off                ; Off                ;
; Preserve fewer node names                                        ; On                 ; On                 ;
; Intel FPGA IP Evaluation Mode                                    ; Enable             ; Enable             ;
; Verilog Version                                                  ; Verilog_2001       ; Verilog_2001       ;
; VHDL Version                                                     ; VHDL_1993          ; VHDL_1993          ;
; State Machine Processing                                         ; Auto               ; Auto               ;
; Safe State Machine                                               ; Off                ; Off                ;
; Extract Verilog State Machines                                   ; On                 ; On                 ;
; Extract VHDL State Machines                                      ; On                 ; On                 ;
; Ignore Verilog initial constructs                                ; Off                ; Off                ;
; Iteration limit for constant Verilog loops                       ; 5000               ; 5000               ;
; Iteration limit for non-constant Verilog loops                   ; 250                ; 250                ;
; Add Pass-Through Logic to Inferred RAMs                          ; On                 ; On                 ;
; Infer RAMs from Raw Logic                                        ; On                 ; On                 ;
; Parallel Synthesis                                               ; On                 ; On                 ;
; DSP Block Balancing                                              ; Auto               ; Auto               ;
; NOT Gate Push-Back                                               ; On                 ; On                 ;
; Power-Up Don't Care                                              ; On                 ; On                 ;
; Remove Redundant Logic Cells                                     ; Off                ; Off                ;
; Remove Duplicate Registers                                       ; On                 ; On                 ;
; Ignore CARRY Buffers                                             ; Off                ; Off                ;
; Ignore CASCADE Buffers                                           ; Off                ; Off                ;
; Ignore GLOBAL Buffers                                            ; Off                ; Off                ;
; Ignore ROW GLOBAL Buffers                                        ; Off                ; Off                ;
; Ignore LCELL Buffers                                             ; Off                ; Off                ;
; Ignore SOFT Buffers                                              ; On                 ; On                 ;
; Limit AHDL Integers to 32 Bits                                   ; Off                ; Off                ;
; Optimization Technique                                           ; Balanced           ; Balanced           ;
; Carry Chain Length                                               ; 70                 ; 70                 ;
; Auto Carry Chains                                                ; On                 ; On                 ;
; Auto Open-Drain Pins                                             ; On                 ; On                 ;
; Perform WYSIWYG Primitive Resynthesis                            ; Off                ; Off                ;
; Auto ROM Replacement                                             ; On                 ; On                 ;
; Auto RAM Replacement                                             ; On                 ; On                 ;
; Auto DSP Block Replacement                                       ; On                 ; On                 ;
; Auto Shift Register Replacement                                  ; Auto               ; Auto               ;
; Allow Shift Register Merging across Hierarchies                  ; Auto               ; Auto               ;
; Auto Clock Enable Replacement                                    ; On                 ; On                 ;
; Strict RAM Replacement                                           ; Off                ; Off                ;
; Allow Synchronous Control Signals                                ; On                 ; On                 ;
; Force Use of Synchronous Clear Signals                           ; Off                ; Off                ;
; Auto RAM Block Balancing                                         ; On                 ; On                 ;
; Auto RAM to Logic Cell Conversion                                ; Off                ; Off                ;
; Auto Resource Sharing                                            ; Off                ; Off                ;
; Allow Any RAM Size For Recognition                               ; Off                ; Off                ;
; Allow Any ROM Size For Recognition                               ; Off                ; Off                ;
; Allow Any Shift Register Size For Recognition                    ; Off                ; Off                ;
; Use LogicLock Constraints during Resource Balancing              ; On                 ; On                 ;
; Ignore translate_off and synthesis_off directives                ; Off                ; Off                ;
; Timing-Driven Synthesis                                          ; On                 ; On                 ;
; Report Parameter Settings                                        ; On                 ; On                 ;
; Report Source Assignments                                        ; On                 ; On                 ;
; Report Connectivity Checks                                       ; On                 ; On                 ;
; Ignore Maximum Fan-Out Assignments                               ; Off                ; Off                ;
; Synchronization Register Chain Length                            ; 2                  ; 2                  ;
; Power Optimization During Synthesis                              ; Normal compilation ; Normal compilation ;
; HDL message level                                                ; Level2             ; Level2             ;
; Suppress Register Optimization Related Messages                  ; Off                ; Off                ;
; Number of Removed Registers Reported in Synthesis Report         ; 5000               ; 5000               ;
; Number of Swept Nodes Reported in Synthesis Report               ; 5000               ; 5000               ;
; Number of Inverted Registers Reported in Synthesis Report        ; 100                ; 100                ;
; Clock MUX Protection                                             ; On                 ; On                 ;
; Auto Gated Clock Conversion                                      ; Off                ; Off                ;
; Block Design Naming                                              ; Auto               ; Auto               ;
; SDC constraint protection                                        ; Off                ; Off                ;
; Synthesis Effort                                                 ; Auto               ; Auto               ;
; Shift Register Replacement - Allow Asynchronous Clear Signal     ; On                 ; On                 ;
; Pre-Mapping Resynthesis Optimization                             ; Off                ; Off                ;
; Analysis & Synthesis Message Level                               ; Medium             ; Medium             ;
; Disable Register Merging Across Hierarchies                      ; Auto               ; Auto               ;
; Resource Aware Inference For Block RAM                           ; On                 ; On                 ;
+------------------------------------------------------------------+--------------------+--------------------+


+------------------------------------------+
; Parallel Compilation                     ;
+----------------------------+-------------+
; Processors                 ; Number      ;
+----------------------------+-------------+
; Number detected on machine ; 8           ;
; Maximum allowed            ; 4           ;
;                            ;             ;
; Average used               ; 1.00        ;
; Maximum used               ; 4           ;
;                            ;             ;
; Usage by Processor         ; % Time Used ;
;     Processor 1            ; 100.0%      ;
;     Processor 2            ;   0.0%      ;
;     Processors 3-4         ;   0.0%      ;
+----------------------------+-------------+


+-----------------------------------------------------------------------------------------------------------------------------------------------------------+
; Analysis & Synthesis Source Files Read                                                                                                                    ;
+----------------------------------+-----------------+-----------------+--------------------------------------------------------------------------+---------+
; File Name with User-Entered Path ; Used in Netlist ; File Type       ; File Name with Absolute Path                                             ; Library ;
+----------------------------------+-----------------+-----------------+--------------------------------------------------------------------------+---------+
; reg_read.vhd                     ; yes             ; User VHDL File  ; D:/EE@IITB/Microprocessors/Project/Entities/Stages/Reg_Read/reg_read.vhd ;         ;
+----------------------------------+-----------------+-----------------+--------------------------------------------------------------------------+---------+


+---------------------------------------------------------+
; Analysis & Synthesis Resource Usage Summary             ;
+---------------------------------------------+-----------+
; Resource                                    ; Usage     ;
+---------------------------------------------+-----------+
; Estimated Total logic elements              ; 271       ;
;                                             ;           ;
; Total combinational functions               ; 143       ;
; Logic element usage by number of LUT inputs ;           ;
;     -- 4 input functions                    ; 78        ;
;     -- 3 input functions                    ; 61        ;
;     -- <=2 input functions                  ; 4         ;
;                                             ;           ;
; Logic elements by mode                      ;           ;
;     -- normal mode                          ; 143       ;
;     -- arithmetic mode                      ; 0         ;
;                                             ;           ;
; Total registers                             ; 128       ;
;     -- Dedicated logic registers            ; 128       ;
;     -- I/O registers                        ; 0         ;
;                                             ;           ;
; I/O pins                                    ; 244       ;
;                                             ;           ;
; Embedded Multiplier 9-bit elements          ; 0         ;
;                                             ;           ;
; Maximum fan-out node                        ; CLK~input ;
; Maximum fan-out                             ; 128       ;
; Total fan-out                               ; 1224      ;
; Average fan-out                             ; 1.61      ;
+---------------------------------------------+-----------+


+----------------------------------------------------------------------------------------------------------------------------------------------------------------------------------------------------------------------------------------------------+
; Analysis & Synthesis Resource Utilization by Entity                                                                                                                                                                                                ;
+-----------------------------+---------------------+---------------------------+-------------+------------+--------------+---------+-----------+------+--------------+------------+----------------------------------+---------------+--------------+
; Compilation Hierarchy Node  ; Combinational ALUTs ; Dedicated Logic Registers ; Memory Bits ; UFM Blocks ; DSP Elements ; DSP 9x9 ; DSP 18x18 ; Pins ; Virtual Pins ; ADC blocks ; Full Hierarchy Name              ; Entity Name   ; Library Name ;
+-----------------------------+---------------------+---------------------------+-------------+------------+--------------+---------+-----------+------+--------------+------------+----------------------------------+---------------+--------------+
; |reg_read                   ; 143 (28)            ; 128 (0)                   ; 0           ; 0          ; 0            ; 0       ; 0         ; 244  ; 0            ; 0          ; |reg_read                        ; reg_read      ; work         ;
;    |register_file:reg_file| ; 104 (104)           ; 128 (128)                 ; 0           ; 0          ; 0            ; 0       ; 0         ; 0    ; 0            ; 0          ; |reg_read|register_file:reg_file ; register_file ; work         ;
;    |shifter:S1_1|           ; 1 (1)               ; 0 (0)                     ; 0           ; 0          ; 0            ; 0       ; 0         ; 0    ; 0            ; 0          ; |reg_read|shifter:S1_1           ; shifter       ; work         ;
;    |shifter:S1_2|           ; 10 (10)             ; 0 (0)                     ; 0           ; 0          ; 0            ; 0       ; 0         ; 0    ; 0            ; 0          ; |reg_read|shifter:S1_2           ; shifter       ; work         ;
+-----------------------------+---------------------+---------------------------+-------------+------------+--------------+---------+-----------+------+--------------+------------+----------------------------------+---------------+--------------+
Note: For table entries with two numbers listed, the numbers in parentheses indicate the number of resources of the given type used by the specific entity alone. The numbers listed outside of parentheses indicate the total resources of the given type used by the specific entity and all of its sub-entities in the hierarchy.


+----------------------------------------------------------------------------------------------------+
; User-Specified and Inferred Latches                                                                ;
+-----------------------------------------------------+---------------------+------------------------+
; Latch Name                                          ; Latch Enable Signal ; Free of Timing Hazards ;
+-----------------------------------------------------+---------------------+------------------------+
; register_file:reg_file|RF_D2[0]                     ; reg_rd              ; yes                    ;
; register_file:reg_file|RF_D2[1]                     ; reg_rd              ; yes                    ;
; register_file:reg_file|RF_D2[2]                     ; reg_rd              ; yes                    ;
; register_file:reg_file|RF_D2[3]                     ; reg_rd              ; yes                    ;
; register_file:reg_file|RF_D2[4]                     ; reg_rd              ; yes                    ;
; register_file:reg_file|RF_D2[5]                     ; reg_rd              ; yes                    ;
; register_file:reg_file|RF_D2[6]                     ; reg_rd              ; yes                    ;
; register_file:reg_file|RF_D2[7]                     ; reg_rd              ; yes                    ;
; register_file:reg_file|RF_D2[8]                     ; reg_rd              ; yes                    ;
; register_file:reg_file|RF_D2[9]                     ; reg_rd              ; yes                    ;
; register_file:reg_file|RF_D2[10]                    ; reg_rd              ; yes                    ;
; register_file:reg_file|RF_D2[11]                    ; reg_rd              ; yes                    ;
; register_file:reg_file|RF_D2[12]                    ; reg_rd              ; yes                    ;
; register_file:reg_file|RF_D2[13]                    ; reg_rd              ; yes                    ;
; register_file:reg_file|RF_D2[14]                    ; reg_rd              ; yes                    ;
; register_file:reg_file|RF_D2[15]                    ; reg_rd              ; yes                    ;
; mux7_out[0]                                         ; mux7_out[14]        ; yes                    ;
; mux7_out[1]                                         ; mux7_out[14]        ; yes                    ;
; mux7_out[2]                                         ; mux7_out[14]        ; yes                    ;
; mux7_out[3]                                         ; mux7_out[14]        ; yes                    ;
; mux7_out[4]                                         ; mux7_out[14]        ; yes                    ;
; mux7_out[5]                                         ; mux7_out[14]        ; yes                    ;
; mux7_out[6]                                         ; mux7_out[14]        ; yes                    ;
; mux7_out[7]                                         ; mux7_out[14]        ; yes                    ;
; mux7_out[8]                                         ; mux7_out[14]        ; yes                    ;
; rf_a3_pipe[0]$latch                                 ; mux3[1]             ; yes                    ;
; rf_a3_pipe[1]$latch                                 ; mux3[1]             ; yes                    ;
; rf_a3_pipe[2]$latch                                 ; mux3[1]             ; yes                    ;
; Number of user-specified and inferred latches = 28  ;                     ;                        ;
+-----------------------------------------------------+---------------------+------------------------+
Note: All latches listed above may not be present at the end of synthesis due to various synthesis optimizations.


+------------------------------------------------------+
; General Register Statistics                          ;
+----------------------------------------------+-------+
; Statistic                                    ; Value ;
+----------------------------------------------+-------+
; Total registers                              ; 128   ;
; Number of registers using Synchronous Clear  ; 0     ;
; Number of registers using Synchronous Load   ; 0     ;
; Number of registers using Asynchronous Clear ; 0     ;
; Number of registers using Asynchronous Load  ; 0     ;
; Number of registers using Clock Enable       ; 128   ;
; Number of registers using Preset             ; 0     ;
+----------------------------------------------+-------+


+-------------------------------------------------------------------------------------------------------------------------------------------------------+
; Multiplexer Restructuring Statistics (Restructuring Performed)                                                                                        ;
+--------------------+-----------+---------------+----------------------+------------------------+------------+-----------------------------------------+
; Multiplexer Inputs ; Bus Width ; Baseline Area ; Area if Restructured ; Saving if Restructured ; Registered ; Example Multiplexer Output              ;
+--------------------+-----------+---------------+----------------------+------------------------+------------+-----------------------------------------+
; 8:1                ; 16 bits   ; 80 LEs        ; 80 LEs               ; 0 LEs                  ; No         ; |reg_read|register_file:reg_file|Mux153 ;
; 3:1                ; 6 bits    ; 12 LEs        ; 12 LEs               ; 0 LEs                  ; No         ; |reg_read|mux7_out[5]                   ;
; 3:1                ; 3 bits    ; 6 LEs         ; 6 LEs                ; 0 LEs                  ; No         ; |reg_read|rf_a3_pipe[2]                 ;
+--------------------+-----------+---------------+----------------------+------------------------+------------+-----------------------------------------+


+-----------------------------------------------+
; Port Connectivity Checks: "CMP:complement"    ;
+-------------+-------+----------+--------------+
; Port        ; Type  ; Severity ; Details      ;
+-------------+-------+----------+--------------+
; cmp_data_in ; Input ; Info     ; Stuck at GND ;
+-------------+-------+----------+--------------+


+-----------------------------------------------------------------------------------------------------------------+
; Port Connectivity Checks: "register_file:reg_file"                                                              ;
+-------+--------+----------+-------------------------------------------------------------------------------------+
; Port  ; Type   ; Severity ; Details                                                                             ;
+-------+--------+----------+-------------------------------------------------------------------------------------+
; rf_d1 ; Output ; Info     ; Connected to dangling logic. Logic that only feeds a dangling port will be removed. ;
+-------+--------+----------+-------------------------------------------------------------------------------------+


+-----------------------------------------------------+
; Post-Synthesis Netlist Statistics for Top Partition ;
+-----------------------+-----------------------------+
; Type                  ; Count                       ;
+-----------------------+-----------------------------+
; boundary_port         ; 244                         ;
; cycloneiii_ff         ; 128                         ;
;     ENA               ; 128                         ;
; cycloneiii_lcell_comb ; 144                         ;
;     normal            ; 144                         ;
;         0 data inputs ; 1                           ;
;         2 data inputs ; 4                           ;
;         3 data inputs ; 61                          ;
;         4 data inputs ; 78                          ;
;                       ;                             ;
; Max LUT depth         ; 5.00                        ;
; Average LUT depth     ; 2.91                        ;
+-----------------------+-----------------------------+


+-------------------------------+
; Elapsed Time Per Partition    ;
+----------------+--------------+
; Partition Name ; Elapsed Time ;
+----------------+--------------+
; Top            ; 00:00:00     ;
+----------------+--------------+


+-------------------------------+
; Analysis & Synthesis Messages ;
+-------------------------------+
Info: *******************************************************************
Info: Running Quartus Prime Analysis & Synthesis
    Info: Version 20.1.1 Build 720 11/11/2020 SJ Lite Edition
    Info: Processing started: Sat May 06 20:58:10 2023
Info: Command: quartus_map --read_settings_files=on --write_settings_files=off reg_read -c reg_read
Warning (18236): Number of processors has not been specified which may cause overloading on shared machines.  Set the global assignment NUM_PARALLEL_PROCESSORS in your QSF to an appropriate value for best performance.
Info (20030): Parallel compilation is enabled and will use 4 of the 4 processors detected
Info (12021): Found 12 design units, including 6 entities, in source file reg_read.vhd
    Info (12022): Found design unit 1: register_file-regf File: D:/EE@IITB/Microprocessors/Project/Entities/Stages/Reg_Read/reg_read.vhd Line: 16
    Info (12022): Found design unit 2: sign_extend_6-Extend File: D:/EE@IITB/Microprocessors/Project/Entities/Stages/Reg_Read/reg_read.vhd Line: 114
    Info (12022): Found design unit 3: sign_extend_9-Extend File: D:/EE@IITB/Microprocessors/Project/Entities/Stages/Reg_Read/reg_read.vhd Line: 133
    Info (12022): Found design unit 4: CMP-complement File: D:/EE@IITB/Microprocessors/Project/Entities/Stages/Reg_Read/reg_read.vhd Line: 153
    Info (12022): Found design unit 5: shifter-shift File: D:/EE@IITB/Microprocessors/Project/Entities/Stages/Reg_Read/reg_read.vhd Line: 183
    Info (12022): Found design unit 6: reg_read-behav File: D:/EE@IITB/Microprocessors/Project/Entities/Stages/Reg_Read/reg_read.vhd Line: 222
    Info (12023): Found entity 1: register_file File: D:/EE@IITB/Microprocessors/Project/Entities/Stages/Reg_Read/reg_read.vhd Line: 5
    Info (12023): Found entity 2: sign_extend_6 File: D:/EE@IITB/Microprocessors/Project/Entities/Stages/Reg_Read/reg_read.vhd Line: 109
    Info (12023): Found entity 3: sign_extend_9 File: D:/EE@IITB/Microprocessors/Project/Entities/Stages/Reg_Read/reg_read.vhd Line: 128
    Info (12023): Found entity 4: CMP File: D:/EE@IITB/Microprocessors/Project/Entities/Stages/Reg_Read/reg_read.vhd Line: 146
    Info (12023): Found entity 5: shifter File: D:/EE@IITB/Microprocessors/Project/Entities/Stages/Reg_Read/reg_read.vhd Line: 176
    Info (12023): Found entity 6: reg_read File: D:/EE@IITB/Microprocessors/Project/Entities/Stages/Reg_Read/reg_read.vhd Line: 204
Info (12127): Elaborating entity "reg_read" for the top level hierarchy
Warning (10492): VHDL Process Statement warning at reg_read.vhd(308): signal "mux4_control" is read inside the Process Statement but isn't in the Process Statement's sensitivity list File: D:/EE@IITB/Microprocessors/Project/Entities/Stages/Reg_Read/reg_read.vhd Line: 308
Warning (10492): VHDL Process Statement warning at reg_read.vhd(310): signal "mux4_control" is read inside the Process Statement but isn't in the Process Statement's sensitivity list File: D:/EE@IITB/Microprocessors/Project/Entities/Stages/Reg_Read/reg_read.vhd Line: 310
Warning (10492): VHDL Process Statement warning at reg_read.vhd(312): signal "mux4_control" is read inside the Process Statement but isn't in the Process Statement's sensitivity list File: D:/EE@IITB/Microprocessors/Project/Entities/Stages/Reg_Read/reg_read.vhd Line: 312
Warning (10492): VHDL Process Statement warning at reg_read.vhd(314): signal "mux4_control" is read inside the Process Statement but isn't in the Process Statement's sensitivity list File: D:/EE@IITB/Microprocessors/Project/Entities/Stages/Reg_Read/reg_read.vhd Line: 314
Warning (10492): VHDL Process Statement warning at reg_read.vhd(328): signal "mux5_control" is read inside the Process Statement but isn't in the Process Statement's sensitivity list File: D:/EE@IITB/Microprocessors/Project/Entities/Stages/Reg_Read/reg_read.vhd Line: 328
Warning (10492): VHDL Process Statement warning at reg_read.vhd(330): signal "mux5_control" is read inside the Process Statement but isn't in the Process Statement's sensitivity list File: D:/EE@IITB/Microprocessors/Project/Entities/Stages/Reg_Read/reg_read.vhd Line: 330
Warning (10492): VHDL Process Statement warning at reg_read.vhd(332): signal "mux5_control" is read inside the Process Statement but isn't in the Process Statement's sensitivity list File: D:/EE@IITB/Microprocessors/Project/Entities/Stages/Reg_Read/reg_read.vhd Line: 332
Warning (10492): VHDL Process Statement warning at reg_read.vhd(334): signal "mux5_control" is read inside the Process Statement but isn't in the Process Statement's sensitivity list File: D:/EE@IITB/Microprocessors/Project/Entities/Stages/Reg_Read/reg_read.vhd Line: 334
Warning (10492): VHDL Process Statement warning at reg_read.vhd(336): signal "mux5_control" is read inside the Process Statement but isn't in the Process Statement's sensitivity list File: D:/EE@IITB/Microprocessors/Project/Entities/Stages/Reg_Read/reg_read.vhd Line: 336
Warning (10492): VHDL Process Statement warning at reg_read.vhd(338): signal "mux5_control" is read inside the Process Statement but isn't in the Process Statement's sensitivity list File: D:/EE@IITB/Microprocessors/Project/Entities/Stages/Reg_Read/reg_read.vhd Line: 338
Warning (10631): VHDL Process Statement warning at reg_read.vhd(281): inferring latch(es) for signal or variable "rf_a3_pipe", which holds its previous value in one or more paths through the process File: D:/EE@IITB/Microprocessors/Project/Entities/Stages/Reg_Read/reg_read.vhd Line: 281
Warning (10631): VHDL Process Statement warning at reg_read.vhd(281): inferring latch(es) for signal or variable "mux7_out", which holds its previous value in one or more paths through the process File: D:/EE@IITB/Microprocessors/Project/Entities/Stages/Reg_Read/reg_read.vhd Line: 281
Info (10041): Inferred latch for "mux7_out[0]" at reg_read.vhd(281) File: D:/EE@IITB/Microprocessors/Project/Entities/Stages/Reg_Read/reg_read.vhd Line: 281
Info (10041): Inferred latch for "mux7_out[1]" at reg_read.vhd(281) File: D:/EE@IITB/Microprocessors/Project/Entities/Stages/Reg_Read/reg_read.vhd Line: 281
Info (10041): Inferred latch for "mux7_out[2]" at reg_read.vhd(281) File: D:/EE@IITB/Microprocessors/Project/Entities/Stages/Reg_Read/reg_read.vhd Line: 281
Info (10041): Inferred latch for "mux7_out[3]" at reg_read.vhd(281) File: D:/EE@IITB/Microprocessors/Project/Entities/Stages/Reg_Read/reg_read.vhd Line: 281
Info (10041): Inferred latch for "mux7_out[4]" at reg_read.vhd(281) File: D:/EE@IITB/Microprocessors/Project/Entities/Stages/Reg_Read/reg_read.vhd Line: 281
Info (10041): Inferred latch for "mux7_out[5]" at reg_read.vhd(281) File: D:/EE@IITB/Microprocessors/Project/Entities/Stages/Reg_Read/reg_read.vhd Line: 281
Info (10041): Inferred latch for "mux7_out[6]" at reg_read.vhd(281) File: D:/EE@IITB/Microprocessors/Project/Entities/Stages/Reg_Read/reg_read.vhd Line: 281
Info (10041): Inferred latch for "mux7_out[7]" at reg_read.vhd(281) File: D:/EE@IITB/Microprocessors/Project/Entities/Stages/Reg_Read/reg_read.vhd Line: 281
Info (10041): Inferred latch for "mux7_out[8]" at reg_read.vhd(281) File: D:/EE@IITB/Microprocessors/Project/Entities/Stages/Reg_Read/reg_read.vhd Line: 281
Info (10041): Inferred latch for "mux7_out[9]" at reg_read.vhd(281) File: D:/EE@IITB/Microprocessors/Project/Entities/Stages/Reg_Read/reg_read.vhd Line: 281
Info (10041): Inferred latch for "mux7_out[10]" at reg_read.vhd(281) File: D:/EE@IITB/Microprocessors/Project/Entities/Stages/Reg_Read/reg_read.vhd Line: 281
Info (10041): Inferred latch for "mux7_out[11]" at reg_read.vhd(281) File: D:/EE@IITB/Microprocessors/Project/Entities/Stages/Reg_Read/reg_read.vhd Line: 281
Info (10041): Inferred latch for "mux7_out[12]" at reg_read.vhd(281) File: D:/EE@IITB/Microprocessors/Project/Entities/Stages/Reg_Read/reg_read.vhd Line: 281
Info (10041): Inferred latch for "mux7_out[13]" at reg_read.vhd(281) File: D:/EE@IITB/Microprocessors/Project/Entities/Stages/Reg_Read/reg_read.vhd Line: 281
Info (10041): Inferred latch for "mux7_out[14]" at reg_read.vhd(281) File: D:/EE@IITB/Microprocessors/Project/Entities/Stages/Reg_Read/reg_read.vhd Line: 281
Info (10041): Inferred latch for "mux7_out[15]" at reg_read.vhd(281) File: D:/EE@IITB/Microprocessors/Project/Entities/Stages/Reg_Read/reg_read.vhd Line: 281
Info (10041): Inferred latch for "rf_a3_pipe[0]" at reg_read.vhd(281) File: D:/EE@IITB/Microprocessors/Project/Entities/Stages/Reg_Read/reg_read.vhd Line: 281
Info (10041): Inferred latch for "rf_a3_pipe[1]" at reg_read.vhd(281) File: D:/EE@IITB/Microprocessors/Project/Entities/Stages/Reg_Read/reg_read.vhd Line: 281
Info (10041): Inferred latch for "rf_a3_pipe[2]" at reg_read.vhd(281) File: D:/EE@IITB/Microprocessors/Project/Entities/Stages/Reg_Read/reg_read.vhd Line: 281
Info (12128): Elaborating entity "register_file" for hierarchy "register_file:reg_file" File: D:/EE@IITB/Microprocessors/Project/Entities/Stages/Reg_Read/reg_read.vhd Line: 274
Warning (10631): VHDL Process Statement warning at reg_read.vhd(53): inferring latch(es) for signal or variable "RF_D1", which holds its previous value in one or more paths through the process File: D:/EE@IITB/Microprocessors/Project/Entities/Stages/Reg_Read/reg_read.vhd Line: 53
Warning (10631): VHDL Process Statement warning at reg_read.vhd(53): inferring latch(es) for signal or variable "RF_D2", which holds its previous value in one or more paths through the process File: D:/EE@IITB/Microprocessors/Project/Entities/Stages/Reg_Read/reg_read.vhd Line: 53
Info (10041): Inferred latch for "RF_D2[0]" at reg_read.vhd(53) File: D:/EE@IITB/Microprocessors/Project/Entities/Stages/Reg_Read/reg_read.vhd Line: 53
Info (10041): Inferred latch for "RF_D2[1]" at reg_read.vhd(53) File: D:/EE@IITB/Microprocessors/Project/Entities/Stages/Reg_Read/reg_read.vhd Line: 53
Info (10041): Inferred latch for "RF_D2[2]" at reg_read.vhd(53) File: D:/EE@IITB/Microprocessors/Project/Entities/Stages/Reg_Read/reg_read.vhd Line: 53
Info (10041): Inferred latch for "RF_D2[3]" at reg_read.vhd(53) File: D:/EE@IITB/Microprocessors/Project/Entities/Stages/Reg_Read/reg_read.vhd Line: 53
Info (10041): Inferred latch for "RF_D2[4]" at reg_read.vhd(53) File: D:/EE@IITB/Microprocessors/Project/Entities/Stages/Reg_Read/reg_read.vhd Line: 53
Info (10041): Inferred latch for "RF_D2[5]" at reg_read.vhd(53) File: D:/EE@IITB/Microprocessors/Project/Entities/Stages/Reg_Read/reg_read.vhd Line: 53
Info (10041): Inferred latch for "RF_D2[6]" at reg_read.vhd(53) File: D:/EE@IITB/Microprocessors/Project/Entities/Stages/Reg_Read/reg_read.vhd Line: 53
Info (10041): Inferred latch for "RF_D2[7]" at reg_read.vhd(53) File: D:/EE@IITB/Microprocessors/Project/Entities/Stages/Reg_Read/reg_read.vhd Line: 53
Info (10041): Inferred latch for "RF_D2[8]" at reg_read.vhd(53) File: D:/EE@IITB/Microprocessors/Project/Entities/Stages/Reg_Read/reg_read.vhd Line: 53
Info (10041): Inferred latch for "RF_D2[9]" at reg_read.vhd(53) File: D:/EE@IITB/Microprocessors/Project/Entities/Stages/Reg_Read/reg_read.vhd Line: 53
Info (10041): Inferred latch for "RF_D2[10]" at reg_read.vhd(53) File: D:/EE@IITB/Microprocessors/Project/Entities/Stages/Reg_Read/reg_read.vhd Line: 53
Info (10041): Inferred latch for "RF_D2[11]" at reg_read.vhd(53) File: D:/EE@IITB/Microprocessors/Project/Entities/Stages/Reg_Read/reg_read.vhd Line: 53
Info (10041): Inferred latch for "RF_D2[12]" at reg_read.vhd(53) File: D:/EE@IITB/Microprocessors/Project/Entities/Stages/Reg_Read/reg_read.vhd Line: 53
Info (10041): Inferred latch for "RF_D2[13]" at reg_read.vhd(53) File: D:/EE@IITB/Microprocessors/Project/Entities/Stages/Reg_Read/reg_read.vhd Line: 53
Info (10041): Inferred latch for "RF_D2[14]" at reg_read.vhd(53) File: D:/EE@IITB/Microprocessors/Project/Entities/Stages/Reg_Read/reg_read.vhd Line: 53
Info (10041): Inferred latch for "RF_D2[15]" at reg_read.vhd(53) File: D:/EE@IITB/Microprocessors/Project/Entities/Stages/Reg_Read/reg_read.vhd Line: 53
Info (10041): Inferred latch for "RF_D1[0]" at reg_read.vhd(53) File: D:/EE@IITB/Microprocessors/Project/Entities/Stages/Reg_Read/reg_read.vhd Line: 53
Info (10041): Inferred latch for "RF_D1[1]" at reg_read.vhd(53) File: D:/EE@IITB/Microprocessors/Project/Entities/Stages/Reg_Read/reg_read.vhd Line: 53
Info (10041): Inferred latch for "RF_D1[2]" at reg_read.vhd(53) File: D:/EE@IITB/Microprocessors/Project/Entities/Stages/Reg_Read/reg_read.vhd Line: 53
Info (10041): Inferred latch for "RF_D1[3]" at reg_read.vhd(53) File: D:/EE@IITB/Microprocessors/Project/Entities/Stages/Reg_Read/reg_read.vhd Line: 53
Info (10041): Inferred latch for "RF_D1[4]" at reg_read.vhd(53) File: D:/EE@IITB/Microprocessors/Project/Entities/Stages/Reg_Read/reg_read.vhd Line: 53
Info (10041): Inferred latch for "RF_D1[5]" at reg_read.vhd(53) File: D:/EE@IITB/Microprocessors/Project/Entities/Stages/Reg_Read/reg_read.vhd Line: 53
Info (10041): Inferred latch for "RF_D1[6]" at reg_read.vhd(53) File: D:/EE@IITB/Microprocessors/Project/Entities/Stages/Reg_Read/reg_read.vhd Line: 53
Info (10041): Inferred latch for "RF_D1[7]" at reg_read.vhd(53) File: D:/EE@IITB/Microprocessors/Project/Entities/Stages/Reg_Read/reg_read.vhd Line: 53
Info (10041): Inferred latch for "RF_D1[8]" at reg_read.vhd(53) File: D:/EE@IITB/Microprocessors/Project/Entities/Stages/Reg_Read/reg_read.vhd Line: 53
Info (10041): Inferred latch for "RF_D1[9]" at reg_read.vhd(53) File: D:/EE@IITB/Microprocessors/Project/Entities/Stages/Reg_Read/reg_read.vhd Line: 53
Info (10041): Inferred latch for "RF_D1[10]" at reg_read.vhd(53) File: D:/EE@IITB/Microprocessors/Project/Entities/Stages/Reg_Read/reg_read.vhd Line: 53
Info (10041): Inferred latch for "RF_D1[11]" at reg_read.vhd(53) File: D:/EE@IITB/Microprocessors/Project/Entities/Stages/Reg_Read/reg_read.vhd Line: 53
Info (10041): Inferred latch for "RF_D1[12]" at reg_read.vhd(53) File: D:/EE@IITB/Microprocessors/Project/Entities/Stages/Reg_Read/reg_read.vhd Line: 53
Info (10041): Inferred latch for "RF_D1[13]" at reg_read.vhd(53) File: D:/EE@IITB/Microprocessors/Project/Entities/Stages/Reg_Read/reg_read.vhd Line: 53
Info (10041): Inferred latch for "RF_D1[14]" at reg_read.vhd(53) File: D:/EE@IITB/Microprocessors/Project/Entities/Stages/Reg_Read/reg_read.vhd Line: 53
Info (10041): Inferred latch for "RF_D1[15]" at reg_read.vhd(53) File: D:/EE@IITB/Microprocessors/Project/Entities/Stages/Reg_Read/reg_read.vhd Line: 53
Info (12128): Elaborating entity "shifter" for hierarchy "shifter:S1_1" File: D:/EE@IITB/Microprocessors/Project/Entities/Stages/Reg_Read/reg_read.vhd Line: 275
Info (12128): Elaborating entity "CMP" for hierarchy "CMP:complement" File: D:/EE@IITB/Microprocessors/Project/Entities/Stages/Reg_Read/reg_read.vhd Line: 277
Info (12128): Elaborating entity "sign_extend_6" for hierarchy "sign_extend_6:SE6" File: D:/EE@IITB/Microprocessors/Project/Entities/Stages/Reg_Read/reg_read.vhd Line: 278
Info (12128): Elaborating entity "sign_extend_9" for hierarchy "sign_extend_9:SE9" File: D:/EE@IITB/Microprocessors/Project/Entities/Stages/Reg_Read/reg_read.vhd Line: 279
Warning (13012): Latch mux7_out[0] has unsafe behavior File: D:/EE@IITB/Microprocessors/Project/Entities/Stages/Reg_Read/reg_read.vhd Line: 281
    Warning (13013): Ports D and ENA on the latch are fed by the same signal mux7[0] File: D:/EE@IITB/Microprocessors/Project/Entities/Stages/Reg_Read/reg_read.vhd Line: 210
Warning (13012): Latch mux7_out[1] has unsafe behavior File: D:/EE@IITB/Microprocessors/Project/Entities/Stages/Reg_Read/reg_read.vhd Line: 281
    Warning (13013): Ports D and ENA on the latch are fed by the same signal mux7[0] File: D:/EE@IITB/Microprocessors/Project/Entities/Stages/Reg_Read/reg_read.vhd Line: 210
Warning (13012): Latch mux7_out[2] has unsafe behavior File: D:/EE@IITB/Microprocessors/Project/Entities/Stages/Reg_Read/reg_read.vhd Line: 281
    Warning (13013): Ports D and ENA on the latch are fed by the same signal mux7[0] File: D:/EE@IITB/Microprocessors/Project/Entities/Stages/Reg_Read/reg_read.vhd Line: 210
Warning (13012): Latch mux7_out[3] has unsafe behavior File: D:/EE@IITB/Microprocessors/Project/Entities/Stages/Reg_Read/reg_read.vhd Line: 281
    Warning (13013): Ports D and ENA on the latch are fed by the same signal mux7[0] File: D:/EE@IITB/Microprocessors/Project/Entities/Stages/Reg_Read/reg_read.vhd Line: 210
Warning (13012): Latch mux7_out[4] has unsafe behavior File: D:/EE@IITB/Microprocessors/Project/Entities/Stages/Reg_Read/reg_read.vhd Line: 281
    Warning (13013): Ports D and ENA on the latch are fed by the same signal mux7[0] File: D:/EE@IITB/Microprocessors/Project/Entities/Stages/Reg_Read/reg_read.vhd Line: 210
Warning (13012): Latch mux7_out[5] has unsafe behavior File: D:/EE@IITB/Microprocessors/Project/Entities/Stages/Reg_Read/reg_read.vhd Line: 281
    Warning (13013): Ports D and ENA on the latch are fed by the same signal mux7[0] File: D:/EE@IITB/Microprocessors/Project/Entities/Stages/Reg_Read/reg_read.vhd Line: 210
Warning (13012): Latch mux7_out[6] has unsafe behavior File: D:/EE@IITB/Microprocessors/Project/Entities/Stages/Reg_Read/reg_read.vhd Line: 281
    Warning (13013): Ports D and ENA on the latch are fed by the same signal mux7[0] File: D:/EE@IITB/Microprocessors/Project/Entities/Stages/Reg_Read/reg_read.vhd Line: 210
Warning (13012): Latch mux7_out[7] has unsafe behavior File: D:/EE@IITB/Microprocessors/Project/Entities/Stages/Reg_Read/reg_read.vhd Line: 281
    Warning (13013): Ports D and ENA on the latch are fed by the same signal mux7[0] File: D:/EE@IITB/Microprocessors/Project/Entities/Stages/Reg_Read/reg_read.vhd Line: 210
Warning (13012): Latch mux7_out[8] has unsafe behavior File: D:/EE@IITB/Microprocessors/Project/Entities/Stages/Reg_Read/reg_read.vhd Line: 281
    Warning (13013): Ports D and ENA on the latch are fed by the same signal mux7[0] File: D:/EE@IITB/Microprocessors/Project/Entities/Stages/Reg_Read/reg_read.vhd Line: 210
Warning (13024): Output pins are stuck at VCC or GND
    Warning (13410): Pin "shifter_out_2[10]" is stuck at GND File: D:/EE@IITB/Microprocessors/Project/Entities/Stages/Reg_Read/reg_read.vhd Line: 217
    Warning (13410): Pin "shifter_out_2[11]" is stuck at GND File: D:/EE@IITB/Microprocessors/Project/Entities/Stages/Reg_Read/reg_read.vhd Line: 217
    Warning (13410): Pin "shifter_out_2[12]" is stuck at GND File: D:/EE@IITB/Microprocessors/Project/Entities/Stages/Reg_Read/reg_read.vhd Line: 217
    Warning (13410): Pin "shifter_out_2[13]" is stuck at GND File: D:/EE@IITB/Microprocessors/Project/Entities/Stages/Reg_Read/reg_read.vhd Line: 217
    Warning (13410): Pin "shifter_out_2[14]" is stuck at GND File: D:/EE@IITB/Microprocessors/Project/Entities/Stages/Reg_Read/reg_read.vhd Line: 217
    Warning (13410): Pin "shifter_out_2[15]" is stuck at GND File: D:/EE@IITB/Microprocessors/Project/Entities/Stages/Reg_Read/reg_read.vhd Line: 217
Info (286030): Timing-Driven Synthesis is running
Info (16010): Generating hard_block partition "hard_block:auto_generated_inst"
    Info (16011): Adding 0 node(s), including 0 DDIO, 0 PLL, 0 transceiver and 0 LCELL
Warning (21074): Design contains 62 input pin(s) that do not drive logic
    Warning (15610): No output dependent on input pin "EX_fwd[0]" File: D:/EE@IITB/Microprocessors/Project/Entities/Stages/Reg_Read/reg_read.vhd Line: 206
    Warning (15610): No output dependent on input pin "EX_fwd[1]" File: D:/EE@IITB/Microprocessors/Project/Entities/Stages/Reg_Read/reg_read.vhd Line: 206
    Warning (15610): No output dependent on input pin "EX_fwd[2]" File: D:/EE@IITB/Microprocessors/Project/Entities/Stages/Reg_Read/reg_read.vhd Line: 206
    Warning (15610): No output dependent on input pin "EX_fwd[3]" File: D:/EE@IITB/Microprocessors/Project/Entities/Stages/Reg_Read/reg_read.vhd Line: 206
    Warning (15610): No output dependent on input pin "EX_fwd[4]" File: D:/EE@IITB/Microprocessors/Project/Entities/Stages/Reg_Read/reg_read.vhd Line: 206
    Warning (15610): No output dependent on input pin "EX_fwd[5]" File: D:/EE@IITB/Microprocessors/Project/Entities/Stages/Reg_Read/reg_read.vhd Line: 206
    Warning (15610): No output dependent on input pin "EX_fwd[6]" File: D:/EE@IITB/Microprocessors/Project/Entities/Stages/Reg_Read/reg_read.vhd Line: 206
    Warning (15610): No output dependent on input pin "EX_fwd[7]" File: D:/EE@IITB/Microprocessors/Project/Entities/Stages/Reg_Read/reg_read.vhd Line: 206
    Warning (15610): No output dependent on input pin "EX_fwd[8]" File: D:/EE@IITB/Microprocessors/Project/Entities/Stages/Reg_Read/reg_read.vhd Line: 206
    Warning (15610): No output dependent on input pin "EX_fwd[9]" File: D:/EE@IITB/Microprocessors/Project/Entities/Stages/Reg_Read/reg_read.vhd Line: 206
    Warning (15610): No output dependent on input pin "EX_fwd[10]" File: D:/EE@IITB/Microprocessors/Project/Entities/Stages/Reg_Read/reg_read.vhd Line: 206
    Warning (15610): No output dependent on input pin "EX_fwd[11]" File: D:/EE@IITB/Microprocessors/Project/Entities/Stages/Reg_Read/reg_read.vhd Line: 206
    Warning (15610): No output dependent on input pin "EX_fwd[12]" File: D:/EE@IITB/Microprocessors/Project/Entities/Stages/Reg_Read/reg_read.vhd Line: 206
    Warning (15610): No output dependent on input pin "EX_fwd[13]" File: D:/EE@IITB/Microprocessors/Project/Entities/Stages/Reg_Read/reg_read.vhd Line: 206
    Warning (15610): No output dependent on input pin "EX_fwd[14]" File: D:/EE@IITB/Microprocessors/Project/Entities/Stages/Reg_Read/reg_read.vhd Line: 206
    Warning (15610): No output dependent on input pin "EX_fwd[15]" File: D:/EE@IITB/Microprocessors/Project/Entities/Stages/Reg_Read/reg_read.vhd Line: 206
    Warning (15610): No output dependent on input pin "MA_fwd[0]" File: D:/EE@IITB/Microprocessors/Project/Entities/Stages/Reg_Read/reg_read.vhd Line: 206
    Warning (15610): No output dependent on input pin "MA_fwd[1]" File: D:/EE@IITB/Microprocessors/Project/Entities/Stages/Reg_Read/reg_read.vhd Line: 206
    Warning (15610): No output dependent on input pin "MA_fwd[2]" File: D:/EE@IITB/Microprocessors/Project/Entities/Stages/Reg_Read/reg_read.vhd Line: 206
    Warning (15610): No output dependent on input pin "MA_fwd[3]" File: D:/EE@IITB/Microprocessors/Project/Entities/Stages/Reg_Read/reg_read.vhd Line: 206
    Warning (15610): No output dependent on input pin "MA_fwd[4]" File: D:/EE@IITB/Microprocessors/Project/Entities/Stages/Reg_Read/reg_read.vhd Line: 206
    Warning (15610): No output dependent on input pin "MA_fwd[5]" File: D:/EE@IITB/Microprocessors/Project/Entities/Stages/Reg_Read/reg_read.vhd Line: 206
    Warning (15610): No output dependent on input pin "MA_fwd[6]" File: D:/EE@IITB/Microprocessors/Project/Entities/Stages/Reg_Read/reg_read.vhd Line: 206
    Warning (15610): No output dependent on input pin "MA_fwd[7]" File: D:/EE@IITB/Microprocessors/Project/Entities/Stages/Reg_Read/reg_read.vhd Line: 206
    Warning (15610): No output dependent on input pin "MA_fwd[8]" File: D:/EE@IITB/Microprocessors/Project/Entities/Stages/Reg_Read/reg_read.vhd Line: 206
    Warning (15610): No output dependent on input pin "MA_fwd[9]" File: D:/EE@IITB/Microprocessors/Project/Entities/Stages/Reg_Read/reg_read.vhd Line: 206
    Warning (15610): No output dependent on input pin "MA_fwd[10]" File: D:/EE@IITB/Microprocessors/Project/Entities/Stages/Reg_Read/reg_read.vhd Line: 206
    Warning (15610): No output dependent on input pin "MA_fwd[11]" File: D:/EE@IITB/Microprocessors/Project/Entities/Stages/Reg_Read/reg_read.vhd Line: 206
    Warning (15610): No output dependent on input pin "MA_fwd[12]" File: D:/EE@IITB/Microprocessors/Project/Entities/Stages/Reg_Read/reg_read.vhd Line: 206
    Warning (15610): No output dependent on input pin "MA_fwd[13]" File: D:/EE@IITB/Microprocessors/Project/Entities/Stages/Reg_Read/reg_read.vhd Line: 206
    Warning (15610): No output dependent on input pin "MA_fwd[14]" File: D:/EE@IITB/Microprocessors/Project/Entities/Stages/Reg_Read/reg_read.vhd Line: 206
    Warning (15610): No output dependent on input pin "MA_fwd[15]" File: D:/EE@IITB/Microprocessors/Project/Entities/Stages/Reg_Read/reg_read.vhd Line: 206
    Warning (15610): No output dependent on input pin "WB_fwd[0]" File: D:/EE@IITB/Microprocessors/Project/Entities/Stages/Reg_Read/reg_read.vhd Line: 206
    Warning (15610): No output dependent on input pin "WB_fwd[1]" File: D:/EE@IITB/Microprocessors/Project/Entities/Stages/Reg_Read/reg_read.vhd Line: 206
    Warning (15610): No output dependent on input pin "WB_fwd[2]" File: D:/EE@IITB/Microprocessors/Project/Entities/Stages/Reg_Read/reg_read.vhd Line: 206
    Warning (15610): No output dependent on input pin "WB_fwd[3]" File: D:/EE@IITB/Microprocessors/Project/Entities/Stages/Reg_Read/reg_read.vhd Line: 206
    Warning (15610): No output dependent on input pin "WB_fwd[4]" File: D:/EE@IITB/Microprocessors/Project/Entities/Stages/Reg_Read/reg_read.vhd Line: 206
    Warning (15610): No output dependent on input pin "WB_fwd[5]" File: D:/EE@IITB/Microprocessors/Project/Entities/Stages/Reg_Read/reg_read.vhd Line: 206
    Warning (15610): No output dependent on input pin "WB_fwd[6]" File: D:/EE@IITB/Microprocessors/Project/Entities/Stages/Reg_Read/reg_read.vhd Line: 206
    Warning (15610): No output dependent on input pin "WB_fwd[7]" File: D:/EE@IITB/Microprocessors/Project/Entities/Stages/Reg_Read/reg_read.vhd Line: 206
    Warning (15610): No output dependent on input pin "WB_fwd[8]" File: D:/EE@IITB/Microprocessors/Project/Entities/Stages/Reg_Read/reg_read.vhd Line: 206
    Warning (15610): No output dependent on input pin "WB_fwd[9]" File: D:/EE@IITB/Microprocessors/Project/Entities/Stages/Reg_Read/reg_read.vhd Line: 206
    Warning (15610): No output dependent on input pin "WB_fwd[10]" File: D:/EE@IITB/Microprocessors/Project/Entities/Stages/Reg_Read/reg_read.vhd Line: 206
    Warning (15610): No output dependent on input pin "WB_fwd[11]" File: D:/EE@IITB/Microprocessors/Project/Entities/Stages/Reg_Read/reg_read.vhd Line: 206
    Warning (15610): No output dependent on input pin "WB_fwd[12]" File: D:/EE@IITB/Microprocessors/Project/Entities/Stages/Reg_Read/reg_read.vhd Line: 206
    Warning (15610): No output dependent on input pin "WB_fwd[13]" File: D:/EE@IITB/Microprocessors/Project/Entities/Stages/Reg_Read/reg_read.vhd Line: 206
    Warning (15610): No output dependent on input pin "WB_fwd[14]" File: D:/EE@IITB/Microprocessors/Project/Entities/Stages/Reg_Read/reg_read.vhd Line: 206
    Warning (15610): No output dependent on input pin "WB_fwd[15]" File: D:/EE@IITB/Microprocessors/Project/Entities/Stages/Reg_Read/reg_read.vhd Line: 206
    Warning (15610): No output dependent on input pin "EX_hzd_4" File: D:/EE@IITB/Microprocessors/Project/Entities/Stages/Reg_Read/reg_read.vhd Line: 207
    Warning (15610): No output dependent on input pin "MA_hzd_4" File: D:/EE@IITB/Microprocessors/Project/Entities/Stages/Reg_Read/reg_read.vhd Line: 207
    Warning (15610): No output dependent on input pin "WB_hzd_4" File: D:/EE@IITB/Microprocessors/Project/Entities/Stages/Reg_Read/reg_read.vhd Line: 207
    Warning (15610): No output dependent on input pin "EX_hzd_5" File: D:/EE@IITB/Microprocessors/Project/Entities/Stages/Reg_Read/reg_read.vhd Line: 208
    Warning (15610): No output dependent on input pin "MA_hzd_5" File: D:/EE@IITB/Microprocessors/Project/Entities/Stages/Reg_Read/reg_read.vhd Line: 208
    Warning (15610): No output dependent on input pin "WB_hzd_5" File: D:/EE@IITB/Microprocessors/Project/Entities/Stages/Reg_Read/reg_read.vhd Line: 208
    Warning (15610): No output dependent on input pin "mux1" File: D:/EE@IITB/Microprocessors/Project/Entities/Stages/Reg_Read/reg_read.vhd Line: 209
    Warning (15610): No output dependent on input pin "mux4" File: D:/EE@IITB/Microprocessors/Project/Entities/Stages/Reg_Read/reg_read.vhd Line: 209
    Warning (15610): No output dependent on input pin "mux5[0]" File: D:/EE@IITB/Microprocessors/Project/Entities/Stages/Reg_Read/reg_read.vhd Line: 210
    Warning (15610): No output dependent on input pin "mux5[1]" File: D:/EE@IITB/Microprocessors/Project/Entities/Stages/Reg_Read/reg_read.vhd Line: 210
    Warning (15610): No output dependent on input pin "RST" File: D:/EE@IITB/Microprocessors/Project/Entities/Stages/Reg_Read/reg_read.vhd Line: 211
    Warning (15610): No output dependent on input pin "mem1_data_5_3[0]" File: D:/EE@IITB/Microprocessors/Project/Entities/Stages/Reg_Read/reg_read.vhd Line: 212
    Warning (15610): No output dependent on input pin "mem1_data_5_3[1]" File: D:/EE@IITB/Microprocessors/Project/Entities/Stages/Reg_Read/reg_read.vhd Line: 212
    Warning (15610): No output dependent on input pin "mem1_data_5_3[2]" File: D:/EE@IITB/Microprocessors/Project/Entities/Stages/Reg_Read/reg_read.vhd Line: 212
Info (21057): Implemented 515 device resources after synthesis - the final resource count might be different
    Info (21058): Implemented 145 input pins
    Info (21059): Implemented 99 output pins
    Info (21061): Implemented 271 logic cells
Info: Quartus Prime Analysis & Synthesis was successful. 0 errors, 103 warnings
    Info: Peak virtual memory: 4798 megabytes
    Info: Processing ended: Sat May 06 20:58:20 2023
    Info: Elapsed time: 00:00:10
    Info: Total CPU time (on all processors): 00:00:12


